<?xml version="1.0" encoding="UTF-8"?>
<!-- Generated by org.testng.reporters.JUnitReportReporter -->
<testsuite skipped="0" hostname="Sony-PC" name="com.com.corejava._00MyTestNGProgram" tests="1" failures="0" timestamp="05 May 2018 05:30:43 GMT" time="0.014" errors="0">
  <testcase name="f" time="0.014" classname="com.com.corejava._00MyTestNGProgram"/>
</testsuite> <!-- com.com.corejava._00MyTestNGProgram -->
