<?xml version="1.0" encoding="UTF-8"?>
<!-- Generated by org.testng.reporters.JUnitReportReporter -->
<testsuite skipped="0" hostname="Sony-PC" name="com.com.TestNG_Class._02TestNGPriorities" tests="3" failures="0" timestamp="06 May 2018 05:57:57 GMT" time="0.016" errors="0">
  <testcase name="b" time="0.010" classname="com.com.TestNG_Class._02TestNGPriorities"/>
  <testcase name="t" time="0.003" classname="com.com.TestNG_Class._02TestNGPriorities"/>
  <testcase name="f" time="0.003" classname="com.com.TestNG_Class._02TestNGPriorities"/>
</testsuite> <!-- com.com.TestNG_Class._02TestNGPriorities -->
