<?xml version="1.0" encoding="UTF-8"?>
<!-- Generated by org.testng.reporters.JUnitReportReporter -->
<testsuite skipped="0" hostname="Sony-PC" name="com.com.TestNG_Class._01TestNGAnnotation" tests="1" failures="0" timestamp="06 May 2018 06:14:08 GMT" time="0.005" errors="0">
  <testcase name="f" time="0.005" classname="com.com.TestNG_Class._01TestNGAnnotation"/>
</testsuite> <!-- com.com.TestNG_Class._01TestNGAnnotation -->
