<?xml version="1.0" encoding="UTF-8"?>
<!-- Generated by org.testng.reporters.JUnitReportReporter -->
<testsuite hostname="Sony-PC" name="com.projectexecution.VidalEnrollment_TS_01" tests="3" failures="0" timestamp="11 May 2018 16:51:18 GMT" time="69.725" errors="0">
  <testcase name="verifyHealthCareButtons_Tc03" time="32.233" classname="com.projectexecution.VidalEnrollment_TS_01"/>
  <testcase name="verifyLoginTabErrorMSG_TC01" time="15.112" classname="com.projectexecution.VidalEnrollment_TS_01"/>
  <testcase name="verifyNewUserLnk_TC02" time="22.380" classname="com.projectexecution.VidalEnrollment_TS_01"/>
</testsuite> <!-- com.projectexecution.VidalEnrollment_TS_01 -->
