<?xml version="1.0" encoding="UTF-8"?>
<!-- Generated by org.testng.reporters.JUnitReportReporter -->
<testsuite hostname="Sony-PC" name="com.projectexecution.IntiateBrowser" tests="1" failures="0" timestamp="11 May 2018 16:51:18 GMT" time="0.002" errors="0">
  <testcase name="f" time="0.002" classname="com.projectexecution.IntiateBrowser"/>
</testsuite> <!-- com.projectexecution.IntiateBrowser -->
